Determining if the pthread_create exist failed with the following output:
Change Dir: /home/bai/Project/3D-Perpection/per/cmake-build-debug/CMakeFiles/CMakeTmp

Run Build Command:"/usr/bin/make" "cmTC_92809/fast"
/usr/bin/make -f CMakeFiles/cmTC_92809.dir/build.make CMakeFiles/cmTC_92809.dir/build
make[1]: Entering directory '/home/bai/Project/3D-Perpection/per/cmake-build-debug/CMakeFiles/CMakeTmp'
Building C object CMakeFiles/cmTC_92809.dir/CheckSymbolExists.c.o
/usr/bin/cc    -o CMakeFiles/cmTC_92809.dir/CheckSymbolExists.c.o   -c /home/bai/Project/3D-Perpection/per/cmake-build-debug/CMakeFiles/CMakeTmp/CheckSymbolExists.c
Linking C executable cmTC_92809
/home/bai/Downloads/clion-2018.1.1/bin/cmake/bin/cmake -E cmake_link_script CMakeFiles/cmTC_92809.dir/link.txt --verbose=1
/usr/bin/cc      -rdynamic CMakeFiles/cmTC_92809.dir/CheckSymbolExists.c.o  -o cmTC_92809 
CMakeFiles/cmTC_92809.dir/CheckSymbolExists.c.o: In function `main':
CheckSymbolExists.c:(.text+0x16): undefined reference to `pthread_create'
collect2: error: ld returned 1 exit status
CMakeFiles/cmTC_92809.dir/build.make:97: recipe for target 'cmTC_92809' failed
make[1]: *** [cmTC_92809] Error 1
make[1]: Leaving directory '/home/bai/Project/3D-Perpection/per/cmake-build-debug/CMakeFiles/CMakeTmp'
Makefile:126: recipe for target 'cmTC_92809/fast' failed
make: *** [cmTC_92809/fast] Error 2

File /home/bai/Project/3D-Perpection/per/cmake-build-debug/CMakeFiles/CMakeTmp/CheckSymbolExists.c:
/* */
#include <pthread.h>

int main(int argc, char** argv)
{
  (void)argv;
#ifndef pthread_create
  return ((int*)(&pthread_create))[argc];
#else
  (void)argc;
  return 0;
#endif
}

Determining if the function pthread_create exists in the pthreads failed with the following output:
Change Dir: /home/bai/Project/3D-Perpection/per/cmake-build-debug/CMakeFiles/CMakeTmp

Run Build Command:"/usr/bin/make" "cmTC_3ba9f/fast"
/usr/bin/make -f CMakeFiles/cmTC_3ba9f.dir/build.make CMakeFiles/cmTC_3ba9f.dir/build
make[1]: Entering directory '/home/bai/Project/3D-Perpection/per/cmake-build-debug/CMakeFiles/CMakeTmp'
Building C object CMakeFiles/cmTC_3ba9f.dir/CheckFunctionExists.c.o
/usr/bin/cc   -DCHECK_FUNCTION_EXISTS=pthread_create   -o CMakeFiles/cmTC_3ba9f.dir/CheckFunctionExists.c.o   -c /home/bai/Downloads/clion-2018.1.1/bin/cmake/share/cmake-3.10/Modules/CheckFunctionExists.c
Linking C executable cmTC_3ba9f
/home/bai/Downloads/clion-2018.1.1/bin/cmake/bin/cmake -E cmake_link_script CMakeFiles/cmTC_3ba9f.dir/link.txt --verbose=1
/usr/bin/cc  -DCHECK_FUNCTION_EXISTS=pthread_create    -rdynamic CMakeFiles/cmTC_3ba9f.dir/CheckFunctionExists.c.o  -o cmTC_3ba9f -lpthreads 
/usr/bin/ld: cannot find -lpthreads
collect2: error: ld returned 1 exit status
CMakeFiles/cmTC_3ba9f.dir/build.make:97: recipe for target 'cmTC_3ba9f' failed
make[1]: *** [cmTC_3ba9f] Error 1
make[1]: Leaving directory '/home/bai/Project/3D-Perpection/per/cmake-build-debug/CMakeFiles/CMakeTmp'
Makefile:126: recipe for target 'cmTC_3ba9f/fast' failed
make: *** [cmTC_3ba9f/fast] Error 2


